mode: set
github.com/jjang65/booking-web-app/internal/forms/errors.go:6.44,8.2 1 1
github.com/jjang65/booking-web-app/internal/forms/errors.go:11.42,13.18 2 1
github.com/jjang65/booking-web-app/internal/forms/errors.go:16.2,16.14 1 1
github.com/jjang65/booking-web-app/internal/forms/errors.go:13.18,15.3 1 1
github.com/jjang65/booking-web-app/internal/forms/forms.go:17.29,19.2 1 1
github.com/jjang65/booking-web-app/internal/forms/forms.go:22.33,27.2 1 1
github.com/jjang65/booking-web-app/internal/forms/forms.go:30.43,31.31 1 1
github.com/jjang65/booking-web-app/internal/forms/forms.go:31.31,33.37 2 1
github.com/jjang65/booking-web-app/internal/forms/forms.go:33.37,35.4 1 1
github.com/jjang65/booking-web-app/internal/forms/forms.go:40.39,46.13 2 1
github.com/jjang65/booking-web-app/internal/forms/forms.go:49.2,49.13 1 1
github.com/jjang65/booking-web-app/internal/forms/forms.go:46.13,48.3 1 1
github.com/jjang65/booking-web-app/internal/forms/forms.go:53.57,55.21 2 1
github.com/jjang65/booking-web-app/internal/forms/forms.go:59.2,59.13 1 1
github.com/jjang65/booking-web-app/internal/forms/forms.go:55.21,58.3 2 1
github.com/jjang65/booking-web-app/internal/forms/forms.go:63.38,64.40 1 1
github.com/jjang65/booking-web-app/internal/forms/forms.go:64.40,66.3 1 1
github.com/jjang65/booking-web-app/internal/render/render.go:23.39,25.2 1 1
github.com/jjang65/booking-web-app/internal/render/render.go:28.67,34.16 3 1
github.com/jjang65/booking-web-app/internal/render/render.go:40.2,40.29 1 1
github.com/jjang65/booking-web-app/internal/render/render.go:66.2,66.21 1 1
github.com/jjang65/booking-web-app/internal/render/render.go:34.16,36.3 1 0
github.com/jjang65/booking-web-app/internal/render/render.go:40.29,45.17 3 1
github.com/jjang65/booking-web-app/internal/render/render.go:50.3,51.17 2 1
github.com/jjang65/booking-web-app/internal/render/render.go:56.3,56.23 1 1
github.com/jjang65/booking-web-app/internal/render/render.go:63.3,63.21 1 1
github.com/jjang65/booking-web-app/internal/render/render.go:45.17,47.4 1 0
github.com/jjang65/booking-web-app/internal/render/render.go:51.17,53.4 1 0
github.com/jjang65/booking-web-app/internal/render/render.go:56.23,58.18 2 1
github.com/jjang65/booking-web-app/internal/render/render.go:58.18,60.5 1 0
github.com/jjang65/booking-web-app/internal/render/render.go:69.84,76.2 5 1
github.com/jjang65/booking-web-app/internal/render/render.go:79.99,84.18 2 1
github.com/jjang65/booking-web-app/internal/render/render.go:94.2,96.9 2 1
github.com/jjang65/booking-web-app/internal/render/render.go:102.2,111.16 5 1
github.com/jjang65/booking-web-app/internal/render/render.go:116.2,116.12 1 1
github.com/jjang65/booking-web-app/internal/render/render.go:84.18,87.3 1 0
github.com/jjang65/booking-web-app/internal/render/render.go:87.8,91.3 1 1
github.com/jjang65/booking-web-app/internal/render/render.go:96.9,99.3 1 1
github.com/jjang65/booking-web-app/internal/render/render.go:111.16,114.3 2 0
github.com/jjang65/booking-web-app/internal/handlers/handlers.go:31.62,36.2 1 0
github.com/jjang65/booking-web-app/internal/handlers/handlers.go:39.51,44.2 1 1
github.com/jjang65/booking-web-app/internal/handlers/handlers.go:47.33,49.2 1 1
github.com/jjang65/booking-web-app/internal/handlers/handlers.go:52.67,55.2 2 1
github.com/jjang65/booking-web-app/internal/handlers/handlers.go:58.68,63.2 1 1
github.com/jjang65/booking-web-app/internal/handlers/handlers.go:66.74,70.9 3 1
github.com/jjang65/booking-web-app/internal/handlers/handlers.go:76.2,77.16 2 1
github.com/jjang65/booking-web-app/internal/handlers/handlers.go:84.2,99.4 10 1
github.com/jjang65/booking-web-app/internal/handlers/handlers.go:70.9,74.3 3 1
github.com/jjang65/booking-web-app/internal/handlers/handlers.go:77.16,81.3 3 1
github.com/jjang65/booking-web-app/internal/handlers/handlers.go:103.78,105.9 2 0
github.com/jjang65/booking-web-app/internal/handlers/handlers.go:108.2,109.16 2 0
github.com/jjang65/booking-web-app/internal/handlers/handlers.go:115.2,132.19 9 0
github.com/jjang65/booking-web-app/internal/handlers/handlers.go:143.2,144.16 2 0
github.com/jjang65/booking-web-app/internal/handlers/handlers.go:148.2,159.16 4 0
github.com/jjang65/booking-web-app/internal/handlers/handlers.go:164.2,170.66 3 0
github.com/jjang65/booking-web-app/internal/handlers/handlers.go:105.9,107.3 1 0
github.com/jjang65/booking-web-app/internal/handlers/handlers.go:109.16,113.3 2 0
github.com/jjang65/booking-web-app/internal/handlers/handlers.go:132.19,141.3 4 0
github.com/jjang65/booking-web-app/internal/handlers/handlers.go:144.16,147.3 2 0
github.com/jjang65/booking-web-app/internal/handlers/handlers.go:159.16,162.3 2 0
github.com/jjang65/booking-web-app/internal/handlers/handlers.go:174.71,176.2 1 1
github.com/jjang65/booking-web-app/internal/handlers/handlers.go:179.69,181.2 1 1
github.com/jjang65/booking-web-app/internal/handlers/handlers.go:184.75,188.2 1 1
github.com/jjang65/booking-web-app/internal/handlers/handlers.go:191.79,198.16 5 0
github.com/jjang65/booking-web-app/internal/handlers/handlers.go:202.2,203.16 2 0
github.com/jjang65/booking-web-app/internal/handlers/handlers.go:208.2,209.16 2 0
github.com/jjang65/booking-web-app/internal/handlers/handlers.go:214.2,214.21 1 0
github.com/jjang65/booking-web-app/internal/handlers/handlers.go:223.2,234.4 5 0
github.com/jjang65/booking-web-app/internal/handlers/handlers.go:198.16,201.3 2 0
github.com/jjang65/booking-web-app/internal/handlers/handlers.go:203.16,206.3 2 0
github.com/jjang65/booking-web-app/internal/handlers/handlers.go:209.16,212.3 2 0
github.com/jjang65/booking-web-app/internal/handlers/handlers.go:214.21,220.3 4 0
github.com/jjang65/booking-web-app/internal/handlers/handlers.go:246.79,266.16 10 0
github.com/jjang65/booking-web-app/internal/handlers/handlers.go:271.2,273.14 3 0
github.com/jjang65/booking-web-app/internal/handlers/handlers.go:266.16,270.3 2 0
github.com/jjang65/booking-web-app/internal/handlers/handlers.go:277.70,279.2 1 1
github.com/jjang65/booking-web-app/internal/handlers/handlers.go:282.81,285.9 2 0
github.com/jjang65/booking-web-app/internal/handlers/handlers.go:293.2,307.4 9 0
github.com/jjang65/booking-web-app/internal/handlers/handlers.go:285.9,291.3 4 0
github.com/jjang65/booking-web-app/internal/handlers/handlers.go:311.73,315.16 2 0
github.com/jjang65/booking-web-app/internal/handlers/handlers.go:321.2,322.9 2 0
github.com/jjang65/booking-web-app/internal/handlers/handlers.go:328.2,330.63 3 0
github.com/jjang65/booking-web-app/internal/handlers/handlers.go:315.16,318.3 2 0
github.com/jjang65/booking-web-app/internal/handlers/handlers.go:322.9,325.3 2 0
github.com/jjang65/booking-web-app/internal/handlers/handlers.go:334.71,347.16 9 0
github.com/jjang65/booking-web-app/internal/handlers/handlers.go:352.2,359.63 6 0
github.com/jjang65/booking-web-app/internal/handlers/handlers.go:347.16,350.3 2 0
github.com/jjang65/booking-web-app/cmd/web/routes.go:11.49,45.2 21 1
github.com/jjang65/booking-web-app/cmd/web/main.go:27.13,29.16 2 0
github.com/jjang65/booking-web-app/cmd/web/main.go:32.2,42.16 5 0
github.com/jjang65/booking-web-app/cmd/web/main.go:29.16,31.3 1 0
github.com/jjang65/booking-web-app/cmd/web/main.go:45.32,73.16 18 1
github.com/jjang65/booking-web-app/cmd/web/main.go:76.2,80.16 3 1
github.com/jjang65/booking-web-app/cmd/web/main.go:87.2,107.16 7 1
github.com/jjang65/booking-web-app/cmd/web/main.go:73.16,75.3 1 0
github.com/jjang65/booking-web-app/cmd/web/main.go:80.16,84.3 3 0
github.com/jjang65/booking-web-app/cmd/web/middleware.go:9.53,10.71 1 1
github.com/jjang65/booking-web-app/cmd/web/middleware.go:10.71,13.3 2 0
github.com/jjang65/booking-web-app/cmd/web/middleware.go:17.45,27.2 3 1
github.com/jjang65/booking-web-app/cmd/web/middleware.go:30.50,32.2 1 1
