mode: set
github.com/jjang65/booking-web-app/internal/handlers/handlers.go:30.62,35.2 1 0
github.com/jjang65/booking-web-app/internal/handlers/handlers.go:38.51,43.2 1 1
github.com/jjang65/booking-web-app/internal/handlers/handlers.go:46.33,48.2 1 1
github.com/jjang65/booking-web-app/internal/handlers/handlers.go:51.67,54.2 2 1
github.com/jjang65/booking-web-app/internal/handlers/handlers.go:57.68,62.2 1 1
github.com/jjang65/booking-web-app/internal/handlers/handlers.go:65.74,69.9 3 1
github.com/jjang65/booking-web-app/internal/handlers/handlers.go:75.2,76.16 2 1
github.com/jjang65/booking-web-app/internal/handlers/handlers.go:82.2,97.4 10 1
github.com/jjang65/booking-web-app/internal/handlers/handlers.go:69.9,73.3 3 1
github.com/jjang65/booking-web-app/internal/handlers/handlers.go:76.16,79.3 2 0
github.com/jjang65/booking-web-app/internal/handlers/handlers.go:101.78,103.16 2 1
github.com/jjang65/booking-web-app/internal/handlers/handlers.go:108.2,114.16 5 1
github.com/jjang65/booking-web-app/internal/handlers/handlers.go:119.2,120.16 2 1
github.com/jjang65/booking-web-app/internal/handlers/handlers.go:126.2,127.16 2 1
github.com/jjang65/booking-web-app/internal/handlers/handlers.go:133.2,149.19 6 1
github.com/jjang65/booking-web-app/internal/handlers/handlers.go:160.2,161.16 2 1
github.com/jjang65/booking-web-app/internal/handlers/handlers.go:167.2,176.16 3 1
github.com/jjang65/booking-web-app/internal/handlers/handlers.go:182.2,184.66 2 1
github.com/jjang65/booking-web-app/internal/handlers/handlers.go:103.16,107.3 3 1
github.com/jjang65/booking-web-app/internal/handlers/handlers.go:114.16,118.3 3 1
github.com/jjang65/booking-web-app/internal/handlers/handlers.go:120.16,124.3 3 1
github.com/jjang65/booking-web-app/internal/handlers/handlers.go:127.16,131.3 3 1
github.com/jjang65/booking-web-app/internal/handlers/handlers.go:149.19,158.3 5 1
github.com/jjang65/booking-web-app/internal/handlers/handlers.go:161.16,165.3 3 1
github.com/jjang65/booking-web-app/internal/handlers/handlers.go:176.16,180.3 3 1
github.com/jjang65/booking-web-app/internal/handlers/handlers.go:188.71,190.2 1 1
github.com/jjang65/booking-web-app/internal/handlers/handlers.go:193.69,195.2 1 1
github.com/jjang65/booking-web-app/internal/handlers/handlers.go:198.75,202.2 1 1
github.com/jjang65/booking-web-app/internal/handlers/handlers.go:205.79,207.16 2 0
github.com/jjang65/booking-web-app/internal/handlers/handlers.go:213.2,218.16 5 0
github.com/jjang65/booking-web-app/internal/handlers/handlers.go:223.2,224.16 2 0
github.com/jjang65/booking-web-app/internal/handlers/handlers.go:230.2,231.16 2 0
github.com/jjang65/booking-web-app/internal/handlers/handlers.go:237.2,237.21 1 0
github.com/jjang65/booking-web-app/internal/handlers/handlers.go:244.2,256.4 5 0
github.com/jjang65/booking-web-app/internal/handlers/handlers.go:207.16,211.3 3 0
github.com/jjang65/booking-web-app/internal/handlers/handlers.go:218.16,222.3 3 0
github.com/jjang65/booking-web-app/internal/handlers/handlers.go:224.16,228.3 3 0
github.com/jjang65/booking-web-app/internal/handlers/handlers.go:231.16,235.3 3 0
github.com/jjang65/booking-web-app/internal/handlers/handlers.go:237.21,242.3 3 0
github.com/jjang65/booking-web-app/internal/handlers/handlers.go:268.79,288.16 10 0
github.com/jjang65/booking-web-app/internal/handlers/handlers.go:293.2,295.14 3 0
github.com/jjang65/booking-web-app/internal/handlers/handlers.go:288.16,292.3 2 0
github.com/jjang65/booking-web-app/internal/handlers/handlers.go:299.70,301.2 1 1
github.com/jjang65/booking-web-app/internal/handlers/handlers.go:304.81,307.9 2 0
github.com/jjang65/booking-web-app/internal/handlers/handlers.go:315.2,329.4 9 0
github.com/jjang65/booking-web-app/internal/handlers/handlers.go:307.9,313.3 4 0
github.com/jjang65/booking-web-app/internal/handlers/handlers.go:333.73,337.16 2 0
github.com/jjang65/booking-web-app/internal/handlers/handlers.go:343.2,344.9 2 0
github.com/jjang65/booking-web-app/internal/handlers/handlers.go:350.2,352.63 3 0
github.com/jjang65/booking-web-app/internal/handlers/handlers.go:337.16,340.3 2 0
github.com/jjang65/booking-web-app/internal/handlers/handlers.go:344.9,347.3 2 0
github.com/jjang65/booking-web-app/internal/handlers/handlers.go:356.71,369.16 9 0
github.com/jjang65/booking-web-app/internal/handlers/handlers.go:374.2,381.63 6 0
github.com/jjang65/booking-web-app/internal/handlers/handlers.go:369.16,372.3 2 0
